<?xml version="1.0" encoding="UTF-8"?>
<testsuite name="Log in" tests="1" skipped="0" failures="1" errors="0" timestamp="2023-10-21T03:00:50" hostname="DESKTOP-LH4JLB8" time="6.702">
  <properties/>
  <testcase name="Try to log in with not valid credentials" classname="Log in" time="6.702">
    <failure message="net.thucydides.core.webdriver.DriverConfigurationError: Could not instantiate class io.appium.java_client.AppiumDriver" type="net.thucydides.core.webdriver.DriverConfigurationError">net.thucydides.core.webdriver.DriverConfigurationError: Could not instantiate class io.appium.java_client.AppiumDriver
	at app//net.thucydides.core.webdriver.WebDriverFacade.newDriverInstance(WebDriverFacade.java:168)
	at app//net.thucydides.core.webdriver.WebDriverFacade.newProxyDriver(WebDriverFacade.java:156)
	at app//net.thucydides.core.webdriver.WebDriverFacade.getProxiedDriver(WebDriverFacade.java:126)
	at app//net.serenitybdd.core.webdriver.RemoteDriver.of(RemoteDriver.java:18)
	at app//net.thucydides.core.webdriver.appium.AppiumConfiguration.getTargetPlatform(AppiumConfiguration.java:59)
	at app//net.thucydides.core.webdriver.ElementLocatorFactorySelector.platformFor(ElementLocatorFactorySelector.java:51)
	at app//net.thucydides.core.webdriver.ElementLocatorFactorySelector.getLocatorFor(ElementLocatorFactorySelector.java:41)
	at app//net.thucydides.core.webdriver.ElementLocatorFactorySelector.getLocatorFor(ElementLocatorFactorySelector.java:30)
	at app//net.thucydides.core.annotations.locators.SmartElementProxyCreator.proxyElements(SmartElementProxyCreator.java:21)
	at app//net.thucydides.core.webdriver.DefaultPageObjectInitialiser.apply(DefaultPageObjectInitialiser.java:20)
	at app//net.serenitybdd.core.pages.PageObject.setDriver(PageObject.java:166)
	at app//net.serenitybdd.core.pages.PageObject.setDriver(PageObject.java:170)
	at app//net.serenitybdd.core.pages.PageObject.&lt;init&gt;(PageObject.java:155)
	at app//net.serenitybdd.screenplay.abilities.BrowseTheWeb.&lt;init&gt;(BrowseTheWeb.java:32)
	at app//net.serenitybdd.screenplay.abilities.BrowseTheWeb.with(BrowseTheWeb.java:48)
	at app//net.serenitybdd.screenplay.actors.OnlineCast.actorNamed(OnlineCast.java:43)
	at app//net.serenitybdd.screenplay.actors.Stage.lambda$shineSpotlightOn$1(Stage.java:31)
	at java.base@17.0.8.1/java.util.Optional.orElseGet(Optional.java:364)
	at app//net.serenitybdd.screenplay.actors.Stage.shineSpotlightOn(Stage.java:31)
	at app//net.serenitybdd.screenplay.actors.OnStage.theActorCalled(OnStage.java:76)
	at app//starter.stepdefinitions.LogInStepDefinitions.john_want_to_create_a_new_post(LogInStepDefinitions.java:27)
	at âœ½.John Wick wants to create a new post(file:///C:/Users/crist/IdeaProjects/serenitybdd-appium-project/serenitybdd-appium-poc/src/test/resources/features/login/log_in.feature:4)
Caused by: net.thucydides.core.webdriver.DriverConfigurationError: WebDriver was unable to create a new instance of type class io.appium.java_client.AppiumDriver
WebDriver reported the following message: Could not start a new session. Response code 500. Message: An unknown server-side error occurred while processing the command. Original error: The application at 'D:\serenitybdd-appium-poc\src\test\resources\TheApp-v1.10.0.apk' does not exist or is not accessible 
Host info: host: 'DESKTOP-LH4JLB8', ip: '192.168.0.154'
Build info: version: '4.5.3', revision: '4b786a1e430'
System info: os.name: 'Windows 10', os.arch: 'amd64', os.version: '10.0', java.version: '17.0.8.1'
Driver info: io.appium.java_client.android.AndroidDriver
Command: [null, newSession {capabilities=[{appium:app=D:\serenitybdd-appium-poc\src\test\resources\TheApp-v1.10.0.apk, appium:automationName=uiautomator2, appium:deviceName=AutomationTesting, appium:hub=http://localhost:4723/wd/hub, appium:newCommandTimeout=1000, platformName=ANDROID, appium:platformVersion=11.0}], desiredCapabilities=Capabilities {app: D:\serenitybdd-appium-poc\s..., automationName: uiautomator2, deviceName: AutomationTesting, hub: http://localhost:4723/wd/hub, newCommandTimeout: 1000, platformName: ANDROID, platformVersion: 11.0}}]
Capabilities {}
See below for more details.
	at app//net.thucydides.core.webdriver.WebDriverFactory.newWebdriverInstance(WebDriverFactory.java:150)
	at app//net.thucydides.core.webdriver.WebDriverFacade.newDriverInstance(WebDriverFacade.java:165)
	at app//net.thucydides.core.webdriver.WebDriverFacade.newProxyDriver(WebDriverFacade.java:156)
	at app//net.thucydides.core.webdriver.WebDriverFacade.getProxiedDriver(WebDriverFacade.java:126)
	at app//net.serenitybdd.core.webdriver.RemoteDriver.of(RemoteDriver.java:18)
	at app//net.thucydides.core.webdriver.appium.AppiumConfiguration.getTargetPlatform(AppiumConfiguration.java:59)
	at app//net.thucydides.core.webdriver.ElementLocatorFactorySelector.platformFor(ElementLocatorFactorySelector.java:51)
	at app//net.thucydides.core.webdriver.ElementLocatorFactorySelector.getLocatorFor(ElementLocatorFactorySelector.java:41)
	at app//net.thucydides.core.webdriver.ElementLocatorFactorySelector.getLocatorFor(ElementLocatorFactorySelector.java:30)
	at app//net.thucydides.core.annotations.locators.SmartElementProxyCreator.proxyElements(SmartElementProxyCreator.java:21)
	at app//net.thucydides.core.webdriver.DefaultPageObjectInitialiser.apply(DefaultPageObjectInitialiser.java:20)
	at app//net.serenitybdd.core.pages.PageObject.setDriver(PageObject.java:166)
	at app//net.serenitybdd.core.pages.PageObject.setDriver(PageObject.java:170)
	at app//net.serenitybdd.core.pages.PageObject.&lt;init&gt;(PageObject.java:155)
	at app//net.serenitybdd.screenplay.abilities.BrowseTheWeb.&lt;init&gt;(BrowseTheWeb.java:32)
	at app//net.serenitybdd.screenplay.abilities.BrowseTheWeb.with(BrowseTheWeb.java:48)
	at app//net.serenitybdd.screenplay.actors.OnlineCast.actorNamed(OnlineCast.java:43)
	at app//net.serenitybdd.screenplay.actors.Stage.lambda$shineSpotlightOn$1(Stage.java:31)
	at java.base@17.0.8.1/java.util.Optional.orElseGet(Optional.java:364)
	at app//net.serenitybdd.screenplay.actors.Stage.shineSpotlightOn(Stage.java:31)
	at app//net.serenitybdd.screenplay.actors.OnStage.theActorCalled(OnStage.java:76)
	at app//starter.stepdefinitions.LogInStepDefinitions.john_want_to_create_a_new_post(LogInStepDefinitions.java:27)
	at java.base@17.0.8.1/jdk.internal.reflect.NativeMethodAccessorImpl.invoke0(Native Method)
	at java.base@17.0.8.1/jdk.internal.reflect.NativeMethodAccessorImpl.invoke(NativeMethodAccessorImpl.java:77)
	at java.base@17.0.8.1/jdk.internal.reflect.DelegatingMethodAccessorImpl.invoke(DelegatingMethodAccessorImpl.java:43)
	at java.base@17.0.8.1/java.lang.reflect.Method.invoke(Method.java:568)
	at app//io.cucumber.java.Invoker.doInvoke(Invoker.java:66)
	at app//io.cucumber.java.Invoker.invoke(Invoker.java:24)
	at app//io.cucumber.java.AbstractGlueDefinition.invokeMethod(AbstractGlueDefinition.java:47)
	at app//io.cucumber.java.JavaStepDefinition.execute(JavaStepDefinition.java:29)
	at app//io.cucumber.core.runner.CoreStepDefinition.execute(CoreStepDefinition.java:66)
	at app//io.cucumber.core.runner.PickleStepDefinitionMatch.runStep(PickleStepDefinitionMatch.java:63)
	at app//io.cucumber.core.runner.ExecutionMode$1.execute(ExecutionMode.java:10)
	at app//io.cucumber.core.runner.TestStep.executeStep(TestStep.java:85)
	at app//io.cucumber.core.runner.TestStep.run(TestStep.java:57)
	at app//io.cucumber.core.runner.PickleStepTestStep.run(PickleStepTestStep.java:51)
	at app//io.cucumber.core.runner.TestCase.run(TestCase.java:84)
	at app//io.cucumber.core.runner.Runner.runPickle(Runner.java:75)
	at app//io.cucumber.junit.PickleRunners$NoStepDescriptions.lambda$run$0(PickleRunners.java:151)
	at app//io.cucumber.core.runtime.CucumberExecutionContext.lambda$runTestCase$5(CucumberExecutionContext.java:129)
	at app//io.cucumber.core.runtime.RethrowingThrowableCollector.executeAndThrow(RethrowingThrowableCollector.java:23)
	at app//io.cucumber.core.runtime.CucumberExecutionContext.runTestCase(CucumberExecutionContext.java:129)
	at app//io.cucumber.junit.PickleRunners$NoStepDescriptions.run(PickleRunners.java:148)
	at app//io.cucumber.junit.FeatureRunner.runChild(FeatureRunner.java:144)
	at app//io.cucumber.junit.FeatureRunner.runChild(FeatureRunner.java:28)
	at app//org.junit.runners.ParentRunner$4.run(ParentRunner.java:331)
	at app//org.junit.runners.ParentRunner$1.schedule(ParentRunner.java:79)
	at app//org.junit.runners.ParentRunner.runChildren(ParentRunner.java:329)
	at app//org.junit.runners.ParentRunner.access$100(ParentRunner.java:66)
	at app//org.junit.runners.ParentRunner$2.evaluate(ParentRunner.java:293)
	at app//org.junit.runners.ParentRunner$3.evaluate(ParentRunner.java:306)
	at app//org.junit.runners.ParentRunner.run(ParentRunner.java:413)
	at app//io.cucumber.junit.FeatureRunner.run(FeatureRunner.java:137)
	at app//io.cucumber.junit.CucumberSerenityRunner.runChild(CucumberSerenityRunner.java:259)
	at app//io.cucumber.junit.CucumberSerenityRunner.runChild(CucumberSerenityRunner.java:59)
	at app//org.junit.runners.ParentRunner$4.run(ParentRunner.java:331)
	at app//org.junit.runners.ParentRunner$1.schedule(ParentRunner.java:79)
	at app//org.junit.runners.ParentRunner.runChildren(ParentRunner.java:329)
	at app//org.junit.runners.ParentRunner.access$100(ParentRunner.java:66)
	at app//org.junit.runners.ParentRunner$2.evaluate(ParentRunner.java:293)
	at app//io.cucumber.junit.CucumberSerenityRunner$RunCucumber.evaluate(CucumberSerenityRunner.java:288)
	at app//org.junit.runners.ParentRunner$3.evaluate(ParentRunner.java:306)
	at app//org.junit.runners.ParentRunner.run(ParentRunner.java:413)
	at org.gradle.api.internal.tasks.testing.junit.JUnitTestClassExecutor.runTestClass(JUnitTestClassExecutor.java:110)
	at org.gradle.api.internal.tasks.testing.junit.JUnitTestClassExecutor.execute(JUnitTestClassExecutor.java:58)
	at org.gradle.api.internal.tasks.testing.junit.JUnitTestClassExecutor.execute(JUnitTestClassExecutor.java:38)
	at org.gradle.api.internal.tasks.testing.junit.AbstractJUnitTestClassProcessor.processTestClass(AbstractJUnitTestClassProcessor.java:62)
	at org.gradle.api.internal.tasks.testing.SuiteTestClassProcessor.processTestClass(SuiteTestClassProcessor.java:51)
	at java.base@17.0.8.1/jdk.internal.reflect.NativeMethodAccessorImpl.invoke0(Native Method)
	at java.base@17.0.8.1/jdk.internal.reflect.NativeMethodAccessorImpl.invoke(NativeMethodAccessorImpl.java:77)
	at java.base@17.0.8.1/jdk.internal.reflect.DelegatingMethodAccessorImpl.invoke(DelegatingMethodAccessorImpl.java:43)
	at java.base@17.0.8.1/java.lang.reflect.Method.invoke(Method.java:568)
	at org.gradle.internal.dispatch.ReflectionDispatch.dispatch(ReflectionDispatch.java:36)
	at org.gradle.internal.dispatch.ReflectionDispatch.dispatch(ReflectionDispatch.java:24)
	at org.gradle.internal.dispatch.ContextClassLoaderDispatch.dispatch(ContextClassLoaderDispatch.java:33)
	at org.gradle.internal.dispatch.ProxyDispatchAdapter$DispatchingInvocationHandler.invoke(ProxyDispatchAdapter.java:94)
	at jdk.proxy1/jdk.proxy1.$Proxy2.processTestClass(Unknown Source)
	at org.gradle.api.internal.tasks.testing.worker.TestWorker$2.run(TestWorker.java:176)
	at org.gradle.api.internal.tasks.testing.worker.TestWorker.executeAndMaintainThreadName(TestWorker.java:129)
	at org.gradle.api.internal.tasks.testing.worker.TestWorker.execute(TestWorker.java:100)
	at org.gradle.api.internal.tasks.testing.worker.TestWorker.execute(TestWorker.java:60)
	at org.gradle.process.internal.worker.child.ActionExecutionWorker.execute(ActionExecutionWorker.java:56)
	at org.gradle.process.internal.worker.child.SystemApplicationClassLoaderWorker.call(SystemApplicationClassLoaderWorker.java:133)
	at org.gradle.process.internal.worker.child.SystemApplicationClassLoaderWorker.call(SystemApplicationClassLoaderWorker.java:71)
	at app//worker.org.gradle.process.internal.worker.GradleWorkerMain.run(GradleWorkerMain.java:69)
	at app//worker.org.gradle.process.internal.worker.GradleWorkerMain.main(GradleWorkerMain.java:74)
Caused by: org.openqa.selenium.SessionNotCreatedException: Could not start a new session. Response code 500. Message: An unknown server-side error occurred while processing the command. Original error: The application at 'D:\serenitybdd-appium-poc\src\test\resources\TheApp-v1.10.0.apk' does not exist or is not accessible 
Host info: host: 'DESKTOP-LH4JLB8', ip: '192.168.0.154'
Build info: version: '4.5.3', revision: '4b786a1e430'
System info: os.name: 'Windows 10', os.arch: 'amd64', os.version: '10.0', java.version: '17.0.8.1'
Driver info: io.appium.java_client.android.AndroidDriver
Command: [null, newSession {capabilities=[{appium:app=D:\serenitybdd-appium-poc\src\test\resources\TheApp-v1.10.0.apk, appium:automationName=uiautomator2, appium:deviceName=AutomationTesting, appium:hub=http://localhost:4723/wd/hub, appium:newCommandTimeout=1000, platformName=ANDROID, appium:platformVersion=11.0}], desiredCapabilities=Capabilities {app: D:\serenitybdd-appium-poc\s..., automationName: uiautomator2, deviceName: AutomationTesting, hub: http://localhost:4723/wd/hub, newCommandTimeout: 1000, platformName: ANDROID, platformVersion: 11.0}}]
Capabilities {}
	at app//org.openqa.selenium.remote.ProtocolHandshake.createSession(ProtocolHandshake.java:144)
	at java.base@17.0.8.1/jdk.internal.reflect.NativeMethodAccessorImpl.invoke0(Native Method)
	at java.base@17.0.8.1/jdk.internal.reflect.NativeMethodAccessorImpl.invoke(NativeMethodAccessorImpl.java:77)
	at java.base@17.0.8.1/jdk.internal.reflect.DelegatingMethodAccessorImpl.invoke(DelegatingMethodAccessorImpl.java:43)
	at java.base@17.0.8.1/java.lang.reflect.Method.invoke(Method.java:568)
	at app//io.appium.java_client.remote.AppiumProtocolHandshake.createSession(AppiumProtocolHandshake.java:126)
	at app//io.appium.java_client.remote.AppiumProtocolHandshake.createSession(AppiumProtocolHandshake.java:102)
	at app//io.appium.java_client.remote.AppiumCommandExecutor.createSession(AppiumCommandExecutor.java:155)
	at app//io.appium.java_client.remote.AppiumCommandExecutor.execute(AppiumCommandExecutor.java:189)
	at app//org.openqa.selenium.remote.RemoteWebDriver.execute(RemoteWebDriver.java:541)
	at app//io.appium.java_client.AppiumDriver.startSession(AppiumDriver.java:229)
	at app//org.openqa.selenium.remote.RemoteWebDriver.&lt;init&gt;(RemoteWebDriver.java:157)
	at app//io.appium.java_client.AppiumDriver.&lt;init&gt;(AppiumDriver.java:80)
	at app//io.appium.java_client.AppiumDriver.&lt;init&gt;(AppiumDriver.java:92)
	at app//io.appium.java_client.android.AndroidDriver.&lt;init&gt;(AndroidDriver.java:117)
	at app//net.serenitybdd.core.webdriver.driverproviders.AppiumDriverProvider.newDriverUsingExternalServer(AppiumDriverProvider.java:59)
	at app//net.serenitybdd.core.webdriver.driverproviders.AppiumDriverProvider.newInstance(AppiumDriverProvider.java:47)
	at app//net.thucydides.core.webdriver.WebDriverFactory.createWebDriver(WebDriverFactory.java:162)
	at app//net.thucydides.core.webdriver.WebDriverFactory.newWebdriverInstance(WebDriverFactory.java:140)
	... 85 more
</failure>
  </testcase>
  <system-out><![CDATA[00:00:50.682 [Test worker] INFO io.cucumber.core.plugin.SerenityReporter - Running feature from file:///C:/Users/crist/IdeaProjects/serenitybdd-appium-project/serenitybdd-appium-poc/src/test/resources/features/login/log_in.feature
00:00:50.770 [Test worker] INFO  - 
  _____   ___   ___   _____     ___   _____     _     ___   _____   ___   ___  
 |_   _| | __| / __| |_   _|   / __| |_   _|   /_\   | _ \ |_   _| | __| |   \ 
   | |   | _|  \__ \   | |     \__ \   | |    / _ \  |   /   | |   | _|  | |) |
   |_|   |___| |___/   |_|     |___/   |_|   /_/ \_\ |_|_\   |_|   |___| |___/ 

Try to log in with not valid credentials(log-in;try-to-log-in-with-not-valid-credentials)
--------------------------------------------------------------------------------
00:00:50.826 [Test worker] DEBUG net.thucydides.core.requirements.FileSystemRequirementsTagProvider - Loading requirements from directory: C:\Users\crist\IdeaProjects\serenitybdd-appium-project\serenitybdd-appium-poc\src\test\resources\features\login (C:\Users\crist\IdeaProjects\serenitybdd-appium-project\serenitybdd-appium-poc\src\test\resources\features\login)
00:00:50.826 [Test worker] DEBUG net.thucydides.core.requirements.FileSystemRequirementsTagProvider - Get requirements type for: C:\Users\crist\IdeaProjects\serenitybdd-appium-project\serenitybdd-appium-poc\src\test\resources\features\login (C:\Users\crist\IdeaProjects\serenitybdd-appium-project\serenitybdd-appium-poc\src\test\resources\features\login)
00:00:51.451 [Test worker] DEBUG net.thucydides.core.reflection.ClassFinder - Could not load class .starter.CucumberTestSuite
00:00:51.451 [Test worker] DEBUG net.thucydides.core.reflection.ClassFinder - Could not load class .starter.stepdefinitions.LogInStepDefinitions
00:00:51.452 [Test worker] DEBUG net.thucydides.core.reflection.ClassFinder - Could not load class META-INF.versions.9.com.sun.istack.logging.StackHelper
00:00:51.453 [Test worker] DEBUG net.thucydides.core.reflection.ClassFinder - Could not load class META-INF.versions.9.com.sun.xml.bind.v2.runtime.reflect.opt.AccessorInjector
00:00:51.453 [Test worker] DEBUG net.thucydides.core.reflection.ClassFinder - Could not load class META-INF.versions.9.com.sun.xml.bind.v2.runtime.reflect.opt.Injector
00:00:51.454 [Test worker] DEBUG net.thucydides.core.reflection.ClassFinder - Could not load class META-INF.versions.9.com.sun.xml.bind.v2.runtime.reflect.opt.OptimizedAccessorFactory
00:00:51.454 [Test worker] DEBUG net.thucydides.core.reflection.ClassFinder - Could not load class META-INF.versions.9.com.sun.xml.bind.v2.runtime.reflect.opt.OptimizedTransducedAccessorFactory
00:00:51.455 [Test worker] DEBUG net.thucydides.core.reflection.ClassFinder - Could not load class META-INF.versions.9.io.opentelemetry.sdk.internal.CurrentJavaVersionSpecific
00:00:51.455 [Test worker] DEBUG net.thucydides.core.reflection.ClassFinder - Could not load class META-INF.versions.9.io.opentelemetry.sdk.internal.Java9VersionSpecific
00:00:51.456 [Test worker] DEBUG net.thucydides.core.reflection.ClassFinder - Could not load class META-INF.versions.9.javax.xml.bind.ModuleUtil
00:00:51.456 [Test worker] DEBUG net.thucydides.core.reflection.ClassFinder - Could not load class META-INF.versions.9.module-info
00:00:51.457 [Test worker] DEBUG net.thucydides.core.reflection.ClassFinder - Could not load class META-INF.versions.9.org.junit.platform.commons.util.ModuleUtils
00:00:51.795 [Test worker] DEBUG net.thucydides.core.reflection.ClassFinder - Could not load class com.google.gson.internal.
00:00:51.929 [Test worker] DEBUG net.thucydides.core.reflection.ClassFinder - Could not load class com.sun.xml.bind.v2.runtime.output.FastInfosetStreamWriterOutput
00:00:52.307 [Test worker] DEBUG net.thucydides.core.reflection.ClassFinder - Could not load class module-info
00:00:54.491 [Test worker] DEBUG io.netty.util.internal.logging.InternalLoggerFactory - Using SLF4J as the default logging framework
00:00:54.494 [Test worker] DEBUG io.netty.util.ResourceLeakDetector - -Dio.netty.leakDetection.level: simple
00:00:54.494 [Test worker] DEBUG io.netty.util.ResourceLeakDetector - -Dio.netty.leakDetection.targetRecords: 4
00:00:54.498 [Test worker] DEBUG io.netty.util.ResourceLeakDetectorFactory - Loaded default ResourceLeakDetector: io.netty.util.ResourceLeakDetector@6abbdcde
00:00:54.519 [Test worker] DEBUG io.netty.util.internal.PlatformDependent0 - -Dio.netty.noUnsafe: false
00:00:54.519 [Test worker] DEBUG io.netty.util.internal.PlatformDependent0 - Java version: 17
00:00:54.521 [Test worker] DEBUG io.netty.util.internal.PlatformDependent0 - sun.misc.Unsafe.theUnsafe: available
00:00:54.521 [Test worker] DEBUG io.netty.util.internal.PlatformDependent0 - sun.misc.Unsafe.copyMemory: available
00:00:54.522 [Test worker] DEBUG io.netty.util.internal.PlatformDependent0 - sun.misc.Unsafe.storeFence: available
00:00:54.523 [Test worker] DEBUG io.netty.util.internal.PlatformDependent0 - java.nio.Buffer.address: available
00:00:54.524 [Test worker] DEBUG io.netty.util.internal.PlatformDependent0 - direct buffer constructor: unavailable: Reflective setAccessible(true) disabled
00:00:54.525 [Test worker] DEBUG io.netty.util.internal.PlatformDependent0 - java.nio.Bits.unaligned: available, true
00:00:54.526 [Test worker] DEBUG io.netty.util.internal.PlatformDependent0 - jdk.internal.misc.Unsafe.allocateUninitializedArray(int): unavailable: class io.netty.util.internal.PlatformDependent0$7 cannot access class jdk.internal.misc.Unsafe (in module java.base) because module java.base does not export jdk.internal.misc to unnamed module @7dc19a70
00:00:54.528 [Test worker] DEBUG io.netty.util.internal.PlatformDependent0 - java.nio.DirectByteBuffer.<init>(long, int): unavailable
00:00:54.528 [Test worker] DEBUG io.netty.util.internal.PlatformDependent - sun.misc.Unsafe: available
00:00:54.539 [Test worker] DEBUG io.netty.util.internal.PlatformDependent - maxDirectMemory: 536870912 bytes (maybe)
00:00:54.539 [Test worker] DEBUG io.netty.util.internal.PlatformDependent - -Dio.netty.tmpdir: C:\Users\crist\AppData\Local\Temp (java.io.tmpdir)
00:00:54.540 [Test worker] DEBUG io.netty.util.internal.PlatformDependent - -Dio.netty.bitMode: 64 (sun.arch.data.model)
00:00:54.540 [Test worker] DEBUG io.netty.util.internal.PlatformDependent - Platform: Windows
00:00:54.541 [Test worker] DEBUG io.netty.util.internal.PlatformDependent - -Dio.netty.maxDirectMemory: -1 bytes
00:00:54.541 [Test worker] DEBUG io.netty.util.internal.PlatformDependent - -Dio.netty.uninitializedArrayAllocationThreshold: -1
00:00:54.542 [Test worker] DEBUG io.netty.util.internal.CleanerJava9 - java.nio.ByteBuffer.cleaner(): available
00:00:54.542 [Test worker] DEBUG io.netty.util.internal.PlatformDependent - -Dio.netty.noPreferDirect: false
00:00:54.550 [Test worker] DEBUG io.netty.util.internal.PlatformDependent - org.jctools-core.MpscChunkedArrayQueue: available
00:00:54.567 [Test worker] DEBUG io.netty.util.internal.InternalThreadLocalMap - -Dio.netty.threadLocalMap.stringBuilder.initialSize: 1024
00:00:54.567 [Test worker] DEBUG io.netty.util.internal.InternalThreadLocalMap - -Dio.netty.threadLocalMap.stringBuilder.maxSize: 4096
00:00:54.670 [Test worker] DEBUG io.netty.handler.ssl.JdkSslContext - Default protocols (JDK): [TLSv1.3, TLSv1.2] 
00:00:54.670 [Test worker] DEBUG io.netty.handler.ssl.JdkSslContext - Default cipher suites (JDK): [TLS_ECDHE_ECDSA_WITH_AES_256_GCM_SHA384, TLS_ECDHE_ECDSA_WITH_AES_128_GCM_SHA256, TLS_ECDHE_RSA_WITH_AES_128_GCM_SHA256, TLS_ECDHE_RSA_WITH_AES_256_GCM_SHA384, TLS_ECDHE_RSA_WITH_AES_128_CBC_SHA, TLS_ECDHE_RSA_WITH_AES_256_CBC_SHA, TLS_RSA_WITH_AES_128_GCM_SHA256, TLS_RSA_WITH_AES_128_CBC_SHA, TLS_RSA_WITH_AES_256_CBC_SHA, TLS_AES_128_GCM_SHA256, TLS_AES_256_GCM_SHA384]
00:00:54.693 [Test worker] DEBUG io.netty.channel.MultithreadEventLoopGroup - -Dio.netty.eventLoopThreads: 12
00:00:54.700 [Test worker] DEBUG io.netty.channel.nio.NioEventLoop - -Dio.netty.noKeySetOptimization: false
00:00:54.700 [Test worker] DEBUG io.netty.channel.nio.NioEventLoop - -Dio.netty.selectorAutoRebuildThreshold: 512
00:00:54.735 [Test worker] DEBUG io.netty.buffer.PooledByteBufAllocator - -Dio.netty.allocator.numHeapArenas: 1
00:00:54.735 [Test worker] DEBUG io.netty.buffer.PooledByteBufAllocator - -Dio.netty.allocator.numDirectArenas: 1
00:00:54.735 [Test worker] DEBUG io.netty.buffer.PooledByteBufAllocator - -Dio.netty.allocator.pageSize: 8192
00:00:54.735 [Test worker] DEBUG io.netty.buffer.PooledByteBufAllocator - -Dio.netty.allocator.maxOrder: 9
00:00:54.736 [Test worker] DEBUG io.netty.buffer.PooledByteBufAllocator - -Dio.netty.allocator.chunkSize: 4194304
00:00:54.736 [Test worker] DEBUG io.netty.buffer.PooledByteBufAllocator - -Dio.netty.allocator.smallCacheSize: 256
00:00:54.736 [Test worker] DEBUG io.netty.buffer.PooledByteBufAllocator - -Dio.netty.allocator.normalCacheSize: 64
00:00:54.736 [Test worker] DEBUG io.netty.buffer.PooledByteBufAllocator - -Dio.netty.allocator.maxCachedBufferCapacity: 32768
00:00:54.736 [Test worker] DEBUG io.netty.buffer.PooledByteBufAllocator - -Dio.netty.allocator.cacheTrimInterval: 8192
00:00:54.737 [Test worker] DEBUG io.netty.buffer.PooledByteBufAllocator - -Dio.netty.allocator.cacheTrimIntervalMillis: 600000
00:00:54.737 [Test worker] DEBUG io.netty.buffer.PooledByteBufAllocator - -Dio.netty.allocator.useCacheForAllThreads: false
00:00:54.737 [Test worker] DEBUG io.netty.buffer.PooledByteBufAllocator - -Dio.netty.allocator.maxCachedByteBuffersPerChunk: 1023
00:00:54.747 [Test worker] DEBUG io.netty.buffer.ByteBufUtil - -Dio.netty.allocator.type: pooled
00:00:54.747 [Test worker] DEBUG io.netty.buffer.ByteBufUtil - -Dio.netty.threadLocalDirectBufferSize: 0
00:00:54.748 [Test worker] DEBUG io.netty.buffer.ByteBufUtil - -Dio.netty.maxThreadLocalCharBufferSize: 16384
00:00:54.920 [Forwarding newSession on session null to remote] DEBUG io.netty.channel.DefaultChannelId - -Dio.netty.processId: 17916 (user-set)
00:00:54.921 [Forwarding newSession on session null to remote] DEBUG io.netty.channel.DefaultChannelId - -Dio.netty.machineId: 28:f0:76:ff:fe:16:65:0e (user-set)
00:00:54.996 [AsyncHttpClient-1-2] DEBUG io.netty.buffer.AbstractByteBuf - -Dio.netty.buffer.checkAccessible: true
00:00:54.997 [AsyncHttpClient-1-2] DEBUG io.netty.buffer.AbstractByteBuf - -Dio.netty.buffer.checkBounds: true
00:00:54.997 [AsyncHttpClient-1-2] DEBUG io.netty.util.ResourceLeakDetectorFactory - Loaded default ResourceLeakDetector: io.netty.util.ResourceLeakDetector@3b9dfdf2
00:00:55.007 [AsyncHttpClient-1-2] DEBUG org.asynchttpclient.netty.channel.NettyConnectListener - Using new Channel '[id: 0x86df3f52, L:/127.0.0.1:56099 - R:localhost/127.0.0.1:4723]' for 'POST' to '/wd/hub/session'
00:00:55.021 [AsyncHttpClient-1-2] DEBUG io.netty.util.Recycler - -Dio.netty.recycler.maxCapacityPerThread: 4096
00:00:55.021 [AsyncHttpClient-1-2] DEBUG io.netty.util.Recycler - -Dio.netty.recycler.ratio: 8
00:00:55.021 [AsyncHttpClient-1-2] DEBUG io.netty.util.Recycler - -Dio.netty.recycler.chunkSize: 32
00:00:55.021 [AsyncHttpClient-1-2] DEBUG io.netty.util.Recycler - -Dio.netty.recycler.blocking: false
00:00:57.164 [AsyncHttpClient-1-2] DEBUG io.netty.handler.codec.compression.Brotli - brotli4j not in the classpath; Brotli support will be unavailable.
00:00:57.164 [AsyncHttpClient-1-2] DEBUG org.asynchttpclient.netty.handler.HttpHandler - 

Request DefaultHttpRequest(decodeResult: success, version: HTTP/1.1)
POST /wd/hub/session HTTP/1.1
X-Idempotency-Key: 986b7115-e020-49ad-9b24-af13614d5640
User-Agent: selenium/4.5.3 (java windows)
Content-Length: 468
Content-Type: application/json; charset=utf-8
host: localhost:4723
accept: */*

Response DefaultHttpResponse(decodeResult: success, version: HTTP/1.1)
HTTP/1.1 500 Internal Server Error
X-Powered-By: Express
Vary: X-HTTP-Method-Override
Content-Type: application/json; charset=utf-8
ETag: W/"377-03vvmEQdQmBx+b9XJjAIdBKyJTY"
Date: Sat, 21 Oct 2023 03:00:57 GMT
Connection: keep-alive
content-length: 887

00:00:57.171 [AsyncHttpClient-1-2] DEBUG org.asynchttpclient.netty.channel.ChannelManager - Adding key: http://localhost:4723 for channel [id: 0x86df3f52, L:/127.0.0.1:56099 - R:localhost/127.0.0.1:4723]
00:00:57.230 [Test worker] ERROR  - 
  _____   ___   ___   _____     ___   ___   ___    ___    ___ 
 |_   _| | __| / __| |_   _|   | __| | _ \ | _ \  / _ \  | _ \
   | |   | _|  \__ \   | |     | _|  |   / |   / | (_) | |   /
   |_|   |___| |___/   |_|     |___| |_|_\ |_|_\  \___/  |_|_\

Try to log in with not valid credentials
---------------------------------------------------------------
00:00:57.232 [Test worker] DEBUG  - RELATED ISSUES: 
00:00:57.309 [Test worker] ERROR  -     Test failed at step: Given John Wick wants to create a new post
00:00:57.309 [Test worker] ERROR  -     WebDriver was unable to create a new instance of type class io.appium.java_client.AppiumDriver
]]></system-out>
  <system-err><![CDATA[]]></system-err>
</testsuite>
